2022-09-11 01:28:43.312  INFO 21184 --- [main] com.rtb.reviews.ReviewsApplication       : Starting ReviewsApplication using Java 17.0.4.1 on DESKTOP-1NS713C with PID 21184 (E:\Karan\WorkSpace\reviews\reviews\target\classes started by Deepika in E:\Karan\WorkSpace\reviews\reviews)
2022-09-11 01:28:43.315  INFO 21184 --- [main] com.rtb.reviews.ReviewsApplication       : No active profile set, falling back to 1 default profile: "default"
2022-09-11 01:28:44.306  INFO 21184 --- [main] o.s.b.w.embedded.tomcat.TomcatWebServer  : Tomcat initialized with port(s): 9093 (http)
2022-09-11 01:28:44.318  INFO 21184 --- [main] o.apache.catalina.core.StandardService   : Starting service [Tomcat]
2022-09-11 01:28:44.318  INFO 21184 --- [main] org.apache.catalina.core.StandardEngine  : Starting Servlet engine: [Apache Tomcat/9.0.65]
2022-09-11 01:28:44.462  INFO 21184 --- [main] o.a.c.c.C.[Tomcat].[localhost].[/]       : Initializing Spring embedded WebApplicationContext
2022-09-11 01:28:44.462  INFO 21184 --- [main] w.s.c.ServletWebServerApplicationContext : Root WebApplicationContext: initialization completed in 1091 ms
2022-09-11 01:28:44.894  INFO 21184 --- [main] o.s.b.w.embedded.tomcat.TomcatWebServer  : Tomcat started on port(s): 9093 (http) with context path ''
2022-09-11 01:28:44.911  INFO 21184 --- [main] com.rtb.reviews.ReviewsApplication       : Started ReviewsApplication in 1.991 seconds (JVM running for 2.42)
2022-09-11 01:34:27.203  INFO 21184 --- [http-nio-9093-exec-4] o.a.c.c.C.[Tomcat].[localhost].[/]       : Initializing Spring DispatcherServlet 'dispatcherServlet'
2022-09-11 01:34:27.203  INFO 21184 --- [http-nio-9093-exec-4] o.s.web.servlet.DispatcherServlet        : Initializing Servlet 'dispatcherServlet'
2022-09-11 01:34:27.204  INFO 21184 --- [http-nio-9093-exec-4] o.s.web.servlet.DispatcherServlet        : Completed initialization in 1 ms
2022-09-11 01:34:27.244  INFO 21184 --- [http-nio-9093-exec-4] c.r.reviews.controller.ReviewController  : Getting book review for 1
2022-09-11 01:34:27.246  INFO 21184 --- [http-nio-9093-exec-4] c.r.reviews.controller.ReviewController  : Getting rating for review id: 21
2022-09-11 01:34:27.375  INFO 21184 --- [http-nio-9093-exec-4] c.r.reviews.controller.ReviewController  : Getting rating for review id: 78
2022-09-11 01:34:27.379  INFO 21184 --- [http-nio-9093-exec-4] c.r.reviews.controller.ReviewController  : Getting rating for review id: 65
2022-09-11 01:34:27.382  INFO 21184 --- [http-nio-9093-exec-4] c.r.reviews.controller.ReviewController  : Getting rating for review id: 55
2022-09-11 01:34:27.386  INFO 21184 --- [http-nio-9093-exec-4] c.r.reviews.controller.ReviewController  : Getting rating for review id: 77
2022-09-11 01:34:27.389  INFO 21184 --- [http-nio-9093-exec-4] c.r.reviews.controller.ReviewController  : Getting rating for review id: 58
2022-09-11 01:34:27.393  INFO 21184 --- [http-nio-9093-exec-4] c.r.reviews.controller.ReviewController  : Getting rating for review id: 79
